This is pdfTeX, Version 3.141592653-2.6-1.40.24 (MiKTeX 22.1) (preloaded format=pdflatex 2023.4.10)  17 APR 2023 19:07
entering extended mode
 restricted \write18 enabled.
 %&-line parsing enabled.
**./main.tex
(main.tex
LaTeX2e <2022-11-01> patch level 1
L3 programming layer <2023-03-30>
(/Users/macpro/Library/Application Support/MiKTeX/texmfs/install/tex/latex/base
/article.cls
Document Class: article 2022/07/02 v1.4n Standard LaTeX document class

(/Users/macpro/Library/Application Support/MiKTeX/texmfs/install/tex/latex/base
/size10.clo
File: size10.clo 2022/07/02 v1.4n Standard LaTeX file (size option)
)
\c@part=\count185
\c@section=\count186
\c@subsection=\count187
\c@subsubsection=\count188
\c@paragraph=\count189
\c@subparagraph=\count190
\c@figure=\count191
\c@table=\count192
\abovecaptionskip=\skip48
\belowcaptionskip=\skip49
\bibindent=\dimen140
)
(/Users/macpro/Library/Application Support/MiKTeX/texmfs/install/tex/latex/base
/inputenc.sty
Package: inputenc 2021/02/14 v1.3d Input encoding file
\inpenc@prehook=\toks16
\inpenc@posthook=\toks17
)
(/Users/macpro/Library/Application Support/MiKTeX/texmfs/install/tex/latex/xstr
ing/xstring.sty
(/Users/macpro/Library/Application Support/MiKTeX/texmfs/install/tex/generic/xs
tring/xstring.tex
\integerpart=\count193
\decimalpart=\count194
)
Package: xstring 2023/01/14 v1.85 String manipulations (CT)
)
(/Users/macpro/Library/Application Support/MiKTeX/texmfs/install/tex/latex/xift
hen/xifthen.sty
Package: xifthen 2015/11/05 v1.4.0 Extended ifthen features

(/Users/macpro/Library/Application Support/MiKTeX/texmfs/install/tex/latex/tool
s/calc.sty
Package: calc 2017/05/25 v4.3 Infix arithmetic (KKT,FJ)
\calc@Acount=\count195
\calc@Bcount=\count196
\calc@Adimen=\dimen141
\calc@Bdimen=\dimen142
\calc@Askip=\skip50
\calc@Bskip=\skip51
LaTeX Info: Redefining \setlength on input line 80.
LaTeX Info: Redefining \addtolength on input line 81.
\calc@Ccount=\count197
\calc@Cskip=\skip52
)
(/Users/macpro/Library/Application Support/MiKTeX/texmfs/install/tex/latex/base
/ifthen.sty
Package: ifthen 2022/04/13 v1.1d Standard LaTeX ifthen package (DPC)
)
(/Users/macpro/Library/Application Support/MiKTeX/texmfs/install/tex/latex/ifmt
arg/ifmtarg.sty
Package: ifmtarg 2018/04/16 v1.2b check for an empty argument
))
(/Users/macpro/Library/Application Support/MiKTeX/texmfs/install/tex/latex/rale
way/raleway.sty
Package: raleway 2016/12/03 v1.4 Matt McInerney^^e2^^80^^99s Raleway family

(/Users/macpro/Library/Application Support/MiKTeX/texmfs/install/tex/generic/if
tex/ifxetex.sty
Package: ifxetex 2019/10/25 v0.7 ifxetex legacy package. Use iftex instead.

(/Users/macpro/Library/Application Support/MiKTeX/texmfs/install/tex/generic/if
tex/iftex.sty
Package: iftex 2022/02/03 v1.0f TeX engine tests
))
(/Users/macpro/Library/Application Support/MiKTeX/texmfs/install/tex/generic/if
tex/ifluatex.sty
Package: ifluatex 2019/10/25 v1.5 ifluatex legacy package. Use iftex instead.
)
(/Users/macpro/Library/Application Support/MiKTeX/texmfs/install/tex/latex/xkey
val/xkeyval.sty
Package: xkeyval 2022/06/16 v2.9 package option processing (HA)

(/Users/macpro/Library/Application Support/MiKTeX/texmfs/install/tex/generic/xk
eyval/xkeyval.tex
(/Users/macpro/Library/Application Support/MiKTeX/texmfs/install/tex/generic/xk
eyval/xkvutils.tex
\XKV@toks=\toks18
\XKV@tempa@toks=\toks19

(/Users/macpro/Library/Application Support/MiKTeX/texmfs/install/tex/generic/xk
eyval/keyval.tex))
\XKV@depth=\count198
File: xkeyval.tex 2014/12/03 v2.7a key=value parser (HA)
))
(/Users/macpro/Library/Application Support/MiKTeX/texmfs/install/tex/latex/base
/fontenc.sty
Package: fontenc 2021/04/29 v2.0v Standard LaTeX package

(/Users/macpro/Library/Application Support/MiKTeX/texmfs/install/tex/latex/ly1/
ly1enc.def
File: ly1enc.def 2022/06/11 v0.8 TeX 'n ANSI encoding (DPC/KB)
Now handling font encoding LY1 ...
... processing UTF-8 mapping file for font encoding LY1

(/Users/macpro/Library/Application Support/MiKTeX/texmfs/install/tex/latex/base
/ly1enc.dfu
File: ly1enc.dfu 2022/06/07 v1.3c UTF-8 support
   defining Unicode char U+00A0 (decimal 160)
   defining Unicode char U+00A1 (decimal 161)
   defining Unicode char U+00A2 (decimal 162)
   defining Unicode char U+00A3 (decimal 163)
   defining Unicode char U+00A4 (decimal 164)
   defining Unicode char U+00A5 (decimal 165)
   defining Unicode char U+00A6 (decimal 166)
   defining Unicode char U+00A7 (decimal 167)
   defining Unicode char U+00AA (decimal 170)
   defining Unicode char U+00AB (decimal 171)
   defining Unicode char U+00AD (decimal 173)
   defining Unicode char U+00AE (decimal 174)
   defining Unicode char U+00B0 (decimal 176)
   defining Unicode char U+00B5 (decimal 181)
   defining Unicode char U+00B6 (decimal 182)
   defining Unicode char U+00B7 (decimal 183)
   defining Unicode char U+00BA (decimal 186)
   defining Unicode char U+00BB (decimal 187)
   defining Unicode char U+00BC (decimal 188)
   defining Unicode char U+00BD (decimal 189)
   defining Unicode char U+00BE (decimal 190)
   defining Unicode char U+00BF (decimal 191)
   defining Unicode char U+00C0 (decimal 192)
   defining Unicode char U+00C1 (decimal 193)
   defining Unicode char U+00C2 (decimal 194)
   defining Unicode char U+00C3 (decimal 195)
   defining Unicode char U+00C4 (decimal 196)
   defining Unicode char U+00C5 (decimal 197)
   defining Unicode char U+00C6 (decimal 198)
   defining Unicode char U+00C7 (decimal 199)
   defining Unicode char U+00C8 (decimal 200)
   defining Unicode char U+00C9 (decimal 201)
   defining Unicode char U+00CA (decimal 202)
   defining Unicode char U+00CB (decimal 203)
   defining Unicode char U+00CC (decimal 204)
   defining Unicode char U+00CD (decimal 205)
   defining Unicode char U+00CE (decimal 206)
   defining Unicode char U+00CF (decimal 207)
   defining Unicode char U+00D0 (decimal 208)
   defining Unicode char U+00D1 (decimal 209)
   defining Unicode char U+00D2 (decimal 210)
   defining Unicode char U+00D3 (decimal 211)
   defining Unicode char U+00D4 (decimal 212)
   defining Unicode char U+00D5 (decimal 213)
   defining Unicode char U+00D6 (decimal 214)
   defining Unicode char U+00D8 (decimal 216)
   defining Unicode char U+00D9 (decimal 217)
   defining Unicode char U+00DA (decimal 218)
   defining Unicode char U+00DB (decimal 219)
   defining Unicode char U+00DC (decimal 220)
   defining Unicode char U+00DD (decimal 221)
   defining Unicode char U+00DE (decimal 222)
   defining Unicode char U+00DF (decimal 223)
   defining Unicode char U+00E0 (decimal 224)
   defining Unicode char U+00E1 (decimal 225)
   defining Unicode char U+00E2 (decimal 226)
   defining Unicode char U+00E3 (decimal 227)
   defining Unicode char U+00E4 (decimal 228)
   defining Unicode char U+00E5 (decimal 229)
   defining Unicode char U+00E6 (decimal 230)
   defining Unicode char U+00E7 (decimal 231)
   defining Unicode char U+00E8 (decimal 232)
   defining Unicode char U+00E9 (decimal 233)
   defining Unicode char U+00EA (decimal 234)
   defining Unicode char U+00EB (decimal 235)
   defining Unicode char U+00EC (decimal 236)
   defining Unicode char U+00ED (decimal 237)
   defining Unicode char U+00EE (decimal 238)
   defining Unicode char U+00EF (decimal 239)
   defining Unicode char U+00F0 (decimal 240)
   defining Unicode char U+00F1 (decimal 241)
   defining Unicode char U+00F2 (decimal 242)
   defining Unicode char U+00F3 (decimal 243)
   defining Unicode char U+00F4 (decimal 244)
   defining Unicode char U+00F5 (decimal 245)
   defining Unicode char U+00F6 (decimal 246)
   defining Unicode char U+00F8 (decimal 248)
   defining Unicode char U+00F9 (decimal 249)
   defining Unicode char U+00FA (decimal 250)
   defining Unicode char U+00FB (decimal 251)
   defining Unicode char U+00FC (decimal 252)
   defining Unicode char U+00FD (decimal 253)
   defining Unicode char U+00FE (decimal 254)
   defining Unicode char U+00FF (decimal 255)
   defining Unicode char U+0131 (decimal 305)
   defining Unicode char U+0141 (decimal 321)
   defining Unicode char U+0142 (decimal 322)
   defining Unicode char U+0152 (decimal 338)
   defining Unicode char U+0153 (decimal 339)
   defining Unicode char U+0160 (decimal 352)
   defining Unicode char U+0161 (decimal 353)
   defining Unicode char U+0174 (decimal 372)
   defining Unicode char U+0175 (decimal 373)
   defining Unicode char U+0176 (decimal 374)
   defining Unicode char U+0177 (decimal 375)
   defining Unicode char U+0178 (decimal 376)
   defining Unicode char U+017D (decimal 381)
   defining Unicode char U+017E (decimal 382)
   defining Unicode char U+0192 (decimal 402)
   defining Unicode char U+0218 (decimal 536)
   defining Unicode char U+0219 (decimal 537)
   defining Unicode char U+021A (decimal 538)
   defining Unicode char U+021B (decimal 539)
   defining Unicode char U+0237 (decimal 567)
   defining Unicode char U+02C6 (decimal 710)
   defining Unicode char U+02DC (decimal 732)
   defining Unicode char U+2013 (decimal 8211)
   defining Unicode char U+2014 (decimal 8212)
   defining Unicode char U+201C (decimal 8220)
   defining Unicode char U+201D (decimal 8221)
   defining Unicode char U+2020 (decimal 8224)
   defining Unicode char U+2021 (decimal 8225)
   defining Unicode char U+2022 (decimal 8226)
   defining Unicode char U+2026 (decimal 8230)
   defining Unicode char U+2030 (decimal 8240)
   defining Unicode char U+2039 (decimal 8249)
   defining Unicode char U+203A (decimal 8250)
   defining Unicode char U+2122 (decimal 8482)
   defining Unicode char U+FB00 (decimal 64256)
   defining Unicode char U+FB01 (decimal 64257)
   defining Unicode char U+FB02 (decimal 64258)
   defining Unicode char U+FB03 (decimal 64259)
   defining Unicode char U+FB04 (decimal 64260)
   defining Unicode char U+FB05 (decimal 64261)
   defining Unicode char U+FB06 (decimal 64262)
))))
(/Users/macpro/Library/Application Support/MiKTeX/texmfs/install/tex/latex/base
/fontenc.sty
Package: fontenc 2021/04/29 v2.0v Standard LaTeX package
LaTeX Font Info:    Trying to load font information for T1+Raleway-TLF on input
 line 112.

(/Users/macpro/Library/Application Support/MiKTeX/texmfs/install/tex/latex/rale
way/T1Raleway-TLF.fd
File: T1Raleway-TLF.fd 2014/07/28 (autoinst) Font definitions for T1/Raleway-TL
F.
)
LaTeX Font Info:    Font shape `T1/Raleway-TLF/m/n' will be
(Font)              scaled to size 10.0pt on input line 112.
)
(/Users/macpro/Library/Application Support/MiKTeX/texmfs/install/tex/latex/more
size/moresize.sty
Package: moresize 1999/07/26 v1.9 (more font sizes)
)
(/Users/macpro/Library/Application Support/MiKTeX/texmfs/install/tex/latex/font
awesome/fontawesome.sty
Package: fontawesome 2016/05/15 v4.6.3.1 font awesome icons

(/Users/macpro/Library/Application Support/MiKTeX/texmfs/install/tex/latex/font
awesome/fontawesomesymbols-generic.tex)
(/Users/macpro/Library/Application Support/MiKTeX/texmfs/install/tex/latex/font
awesome/fontawesomesymbols-pdftex.tex))
(/Users/macpro/Library/Application Support/MiKTeX/texmfs/install/tex/latex/para
col/paracol.sty
Package: paracol 2018/12/31 v1.35 
\pcol@currcol=\count199
\pcol@nextcol=\count266
\pcol@ncol=\count267
\pcol@ncolleft=\count268
\pcol@page=\count269
\pcol@basepage=\count270
\pcol@toppage=\count271
\pcol@footnotebase=\count272
\pcol@nfootnotes=\count273
\pcol@mcid=\count274
\pcol@prevdepth=\dimen143
\pcol@colht=\dimen144
\pcol@textfloatsep=\dimen145
\pcol@lrmargin=\dimen146
\pagerim=\dimen147
\pcol@topskip=\skip53
\belowfootnoteskip=\skip54
\pcol@topfnotes=\box51
\pcol@prespan=\box52
\pcol@rightpage=\box53
\pcol@colorstack@saved=\box54
\pcol@tempboxa=\box55
\pcol@tempboxb=\box56
\pcol@colorins=\insert252
\pcol@everyvbox=\toks20
)
(/Users/macpro/Library/Application Support/MiKTeX/texmfs/install/tex/latex/geom
etry/geometry.sty
Package: geometry 2020/01/02 v5.9 Page Geometry

(/Users/macpro/Library/Application Support/MiKTeX/texmfs/install/tex/generic/if
tex/ifvtex.sty
Package: ifvtex 2019/10/25 v1.7 ifvtex legacy package. Use iftex instead.
)
\Gm@cnth=\count275
\Gm@cntv=\count276
\c@Gm@tempcnt=\count277
\Gm@bindingoffset=\dimen148
\Gm@wd@mp=\dimen149
\Gm@odd@mp=\dimen150
\Gm@even@mp=\dimen151
\Gm@layoutwidth=\dimen152
\Gm@layoutheight=\dimen153
\Gm@layouthoffset=\dimen154
\Gm@layoutvoffset=\dimen155
\Gm@dimlist=\toks21

(/Users/macpro/Library/Application Support/MiKTeX/texmfs/install/tex/latex/geom
etry/geometry.cfg))
(/Users/macpro/Library/Application Support/MiKTeX/texmfs/install/tex/latex/fanc
yhdr/fancyhdr.sty
Package: fancyhdr 2022/11/09 v4.1 Extensive control of page headers and footers

\f@nch@headwidth=\skip55
\f@nch@O@elh=\skip56
\f@nch@O@erh=\skip57
\f@nch@O@olh=\skip58
\f@nch@O@orh=\skip59
\f@nch@O@elf=\skip60
\f@nch@O@erf=\skip61
\f@nch@O@olf=\skip62
\f@nch@O@orf=\skip63
)
(/Users/macpro/Library/Application Support/MiKTeX/texmfs/install/tex/latex/tool
s/array.sty
Package: array 2022/09/04 v2.5g Tabular extension package (FMi)
\col@sep=\dimen156
\ar@mcellbox=\box57
\extrarowheight=\dimen157
\NC@list=\toks22
\extratabsurround=\skip64
\backup@length=\skip65
\ar@cellbox=\box58
)
(/Users/macpro/Library/Application Support/MiKTeX/texmfs/install/tex/latex/grap
hics/graphicx.sty
Package: graphicx 2021/09/16 v1.2d Enhanced LaTeX Graphics (DPC,SPQR)

(/Users/macpro/Library/Application Support/MiKTeX/texmfs/install/tex/latex/grap
hics/graphics.sty
Package: graphics 2022/03/10 v1.4e Standard LaTeX Graphics (DPC,SPQR)

(/Users/macpro/Library/Application Support/MiKTeX/texmfs/install/tex/latex/grap
hics/trig.sty
Package: trig 2021/08/11 v1.11 sin cos tan (DPC)
)
(/Users/macpro/Library/Application Support/MiKTeX/texmfs/install/tex/latex/grap
hics-cfg/graphics.cfg
File: graphics.cfg 2016/06/04 v1.11 sample graphics configuration
)
Package graphics Info: Driver file: pdftex.def on input line 107.

(/Users/macpro/Library/Application Support/MiKTeX/texmfs/install/tex/latex/grap
hics-def/pdftex.def
File: pdftex.def 2022/09/22 v1.2b Graphics/color driver for pdftex
))
\Gin@req@height=\dimen158
\Gin@req@width=\dimen159
)
(/Users/macpro/Library/Application Support/MiKTeX/texmfs/install/tex/latex/pgf/
frontendlayer/tikz.sty
(/Users/macpro/Library/Application Support/MiKTeX/texmfs/install/tex/latex/pgf/
basiclayer/pgf.sty
(/Users/macpro/Library/Application Support/MiKTeX/texmfs/install/tex/latex/pgf/
utilities/pgfrcs.sty
(/Users/macpro/Library/Application Support/MiKTeX/texmfs/install/tex/generic/pg
f/utilities/pgfutil-common.tex
\pgfutil@everybye=\toks23
\pgfutil@tempdima=\dimen160
\pgfutil@tempdimb=\dimen161
)
(/Users/macpro/Library/Application Support/MiKTeX/texmfs/install/tex/generic/pg
f/utilities/pgfutil-latex.def
\pgfutil@abb=\box59
)
(/Users/macpro/Library/Application Support/MiKTeX/texmfs/install/tex/generic/pg
f/utilities/pgfrcs.code.tex
(/Users/macpro/Library/Application Support/MiKTeX/texmfs/install/tex/generic/pg
f/pgf.revision.tex)
Package: pgfrcs 2023-01-15 v3.1.10 (3.1.10)
))
Package: pgf 2023-01-15 v3.1.10 (3.1.10)

(/Users/macpro/Library/Application Support/MiKTeX/texmfs/install/tex/latex/pgf/
basiclayer/pgfcore.sty
(/Users/macpro/Library/Application Support/MiKTeX/texmfs/install/tex/latex/pgf/
systemlayer/pgfsys.sty
(/Users/macpro/Library/Application Support/MiKTeX/texmfs/install/tex/generic/pg
f/systemlayer/pgfsys.code.tex
Package: pgfsys 2023-01-15 v3.1.10 (3.1.10)

(/Users/macpro/Library/Application Support/MiKTeX/texmfs/install/tex/generic/pg
f/utilities/pgfkeys.code.tex
\pgfkeys@pathtoks=\toks24
\pgfkeys@temptoks=\toks25

(/Users/macpro/Library/Application Support/MiKTeX/texmfs/install/tex/generic/pg
f/utilities/pgfkeyslibraryfiltered.code.tex
\pgfkeys@tmptoks=\toks26
))
\pgf@x=\dimen162
\pgf@y=\dimen163
\pgf@xa=\dimen164
\pgf@ya=\dimen165
\pgf@xb=\dimen166
\pgf@yb=\dimen167
\pgf@xc=\dimen168
\pgf@yc=\dimen169
\pgf@xd=\dimen170
\pgf@yd=\dimen171
\w@pgf@writea=\write3
\r@pgf@reada=\read2
\c@pgf@counta=\count278
\c@pgf@countb=\count279
\c@pgf@countc=\count280
\c@pgf@countd=\count281
\t@pgf@toka=\toks27
\t@pgf@tokb=\toks28
\t@pgf@tokc=\toks29
\pgf@sys@id@count=\count282

(/Users/macpro/Library/Application Support/MiKTeX/texmfs/install/tex/generic/pg
f/systemlayer/pgf.cfg
File: pgf.cfg 2023-01-15 v3.1.10 (3.1.10)
)
Driver file for pgf: pgfsys-pdftex.def

(/Users/macpro/Library/Application Support/MiKTeX/texmfs/install/tex/generic/pg
f/systemlayer/pgfsys-pdftex.def
File: pgfsys-pdftex.def 2023-01-15 v3.1.10 (3.1.10)

(/Users/macpro/Library/Application Support/MiKTeX/texmfs/install/tex/generic/pg
f/systemlayer/pgfsys-common-pdf.def
File: pgfsys-common-pdf.def 2023-01-15 v3.1.10 (3.1.10)
)))
(/Users/macpro/Library/Application Support/MiKTeX/texmfs/install/tex/generic/pg
f/systemlayer/pgfsyssoftpath.code.tex
File: pgfsyssoftpath.code.tex 2023-01-15 v3.1.10 (3.1.10)
\pgfsyssoftpath@smallbuffer@items=\count283
\pgfsyssoftpath@bigbuffer@items=\count284
)
(/Users/macpro/Library/Application Support/MiKTeX/texmfs/install/tex/generic/pg
f/systemlayer/pgfsysprotocol.code.tex
File: pgfsysprotocol.code.tex 2023-01-15 v3.1.10 (3.1.10)
))
(/Users/macpro/Library/Application Support/MiKTeX/texmfs/install/tex/latex/xcol
or/xcolor.sty
Package: xcolor 2022/06/12 v2.14 LaTeX color extensions (UK)

(/Users/macpro/Library/Application Support/MiKTeX/texmfs/install/tex/latex/grap
hics-cfg/color.cfg
File: color.cfg 2016/01/02 v1.6 sample color configuration
)
Package xcolor Info: Driver file: pdftex.def on input line 227.

(/Users/macpro/Library/Application Support/MiKTeX/texmfs/install/tex/latex/grap
hics/mathcolor.ltx)
Package xcolor Info: Model `cmy' substituted by `cmy0' on input line 1353.
Package xcolor Info: Model `hsb' substituted by `rgb' on input line 1357.
Package xcolor Info: Model `RGB' extended on input line 1369.
Package xcolor Info: Model `HTML' substituted by `rgb' on input line 1371.
Package xcolor Info: Model `Hsb' substituted by `hsb' on input line 1372.
Package xcolor Info: Model `tHsb' substituted by `hsb' on input line 1373.
Package xcolor Info: Model `HSB' substituted by `hsb' on input line 1374.
Package xcolor Info: Model `Gray' substituted by `gray' on input line 1375.
Package xcolor Info: Model `wave' substituted by `hsb' on input line 1376.
)
(/Users/macpro/Library/Application Support/MiKTeX/texmfs/install/tex/generic/pg
f/basiclayer/pgfcore.code.tex
Package: pgfcore 2023-01-15 v3.1.10 (3.1.10)

(/Users/macpro/Library/Application Support/MiKTeX/texmfs/install/tex/generic/pg
f/math/pgfmath.code.tex
(/Users/macpro/Library/Application Support/MiKTeX/texmfs/install/tex/generic/pg
f/math/pgfmathutil.code.tex)
(/Users/macpro/Library/Application Support/MiKTeX/texmfs/install/tex/generic/pg
f/math/pgfmathparser.code.tex
\pgfmath@dimen=\dimen172
\pgfmath@count=\count285
\pgfmath@box=\box60
\pgfmath@toks=\toks30
\pgfmath@stack@operand=\toks31
\pgfmath@stack@operation=\toks32
)
(/Users/macpro/Library/Application Support/MiKTeX/texmfs/install/tex/generic/pg
f/math/pgfmathfunctions.code.tex)
(/Users/macpro/Library/Application Support/MiKTeX/texmfs/install/tex/generic/pg
f/math/pgfmathfunctions.basic.code.tex)
(/Users/macpro/Library/Application Support/MiKTeX/texmfs/install/tex/generic/pg
f/math/pgfmathfunctions.trigonometric.code.tex)
(/Users/macpro/Library/Application Support/MiKTeX/texmfs/install/tex/generic/pg
f/math/pgfmathfunctions.random.code.tex)
(/Users/macpro/Library/Application Support/MiKTeX/texmfs/install/tex/generic/pg
f/math/pgfmathfunctions.comparison.code.tex)
(/Users/macpro/Library/Application Support/MiKTeX/texmfs/install/tex/generic/pg
f/math/pgfmathfunctions.base.code.tex)
(/Users/macpro/Library/Application Support/MiKTeX/texmfs/install/tex/generic/pg
f/math/pgfmathfunctions.round.code.tex)
(/Users/macpro/Library/Application Support/MiKTeX/texmfs/install/tex/generic/pg
f/math/pgfmathfunctions.misc.code.tex)
(/Users/macpro/Library/Application Support/MiKTeX/texmfs/install/tex/generic/pg
f/math/pgfmathfunctions.integerarithmetics.code.tex)
(/Users/macpro/Library/Application Support/MiKTeX/texmfs/install/tex/generic/pg
f/math/pgfmathcalc.code.tex)
(/Users/macpro/Library/Application Support/MiKTeX/texmfs/install/tex/generic/pg
f/math/pgfmathfloat.code.tex
\c@pgfmathroundto@lastzeros=\count286
))
(/Users/macpro/Library/Application Support/MiKTeX/texmfs/install/tex/generic/pg
f/math/pgfint.code.tex)
(/Users/macpro/Library/Application Support/MiKTeX/texmfs/install/tex/generic/pg
f/basiclayer/pgfcorepoints.code.tex
File: pgfcorepoints.code.tex 2023-01-15 v3.1.10 (3.1.10)
\pgf@picminx=\dimen173
\pgf@picmaxx=\dimen174
\pgf@picminy=\dimen175
\pgf@picmaxy=\dimen176
\pgf@pathminx=\dimen177
\pgf@pathmaxx=\dimen178
\pgf@pathminy=\dimen179
\pgf@pathmaxy=\dimen180
\pgf@xx=\dimen181
\pgf@xy=\dimen182
\pgf@yx=\dimen183
\pgf@yy=\dimen184
\pgf@zx=\dimen185
\pgf@zy=\dimen186
)
(/Users/macpro/Library/Application Support/MiKTeX/texmfs/install/tex/generic/pg
f/basiclayer/pgfcorepathconstruct.code.tex
File: pgfcorepathconstruct.code.tex 2023-01-15 v3.1.10 (3.1.10)
\pgf@path@lastx=\dimen187
\pgf@path@lasty=\dimen188
)
(/Users/macpro/Library/Application Support/MiKTeX/texmfs/install/tex/generic/pg
f/basiclayer/pgfcorepathusage.code.tex
File: pgfcorepathusage.code.tex 2023-01-15 v3.1.10 (3.1.10)
\pgf@shorten@end@additional=\dimen189
\pgf@shorten@start@additional=\dimen190
)
(/Users/macpro/Library/Application Support/MiKTeX/texmfs/install/tex/generic/pg
f/basiclayer/pgfcorescopes.code.tex
File: pgfcorescopes.code.tex 2023-01-15 v3.1.10 (3.1.10)
\pgfpic=\box61
\pgf@hbox=\box62
\pgf@layerbox@main=\box63
\pgf@picture@serial@count=\count287
)
(/Users/macpro/Library/Application Support/MiKTeX/texmfs/install/tex/generic/pg
f/basiclayer/pgfcoregraphicstate.code.tex
File: pgfcoregraphicstate.code.tex 2023-01-15 v3.1.10 (3.1.10)
\pgflinewidth=\dimen191
)
(/Users/macpro/Library/Application Support/MiKTeX/texmfs/install/tex/generic/pg
f/basiclayer/pgfcoretransformations.code.tex
File: pgfcoretransformations.code.tex 2023-01-15 v3.1.10 (3.1.10)
\pgf@pt@x=\dimen192
\pgf@pt@y=\dimen193
\pgf@pt@temp=\dimen194
)
(/Users/macpro/Library/Application Support/MiKTeX/texmfs/install/tex/generic/pg
f/basiclayer/pgfcorequick.code.tex
File: pgfcorequick.code.tex 2023-01-15 v3.1.10 (3.1.10)
)
(/Users/macpro/Library/Application Support/MiKTeX/texmfs/install/tex/generic/pg
f/basiclayer/pgfcoreobjects.code.tex
File: pgfcoreobjects.code.tex 2023-01-15 v3.1.10 (3.1.10)
)
(/Users/macpro/Library/Application Support/MiKTeX/texmfs/install/tex/generic/pg
f/basiclayer/pgfcorepathprocessing.code.tex
File: pgfcorepathprocessing.code.tex 2023-01-15 v3.1.10 (3.1.10)
)
(/Users/macpro/Library/Application Support/MiKTeX/texmfs/install/tex/generic/pg
f/basiclayer/pgfcorearrows.code.tex
File: pgfcorearrows.code.tex 2023-01-15 v3.1.10 (3.1.10)
\pgfarrowsep=\dimen195
)
(/Users/macpro/Library/Application Support/MiKTeX/texmfs/install/tex/generic/pg
f/basiclayer/pgfcoreshade.code.tex
File: pgfcoreshade.code.tex 2023-01-15 v3.1.10 (3.1.10)
\pgf@max=\dimen196
\pgf@sys@shading@range@num=\count288
\pgf@shadingcount=\count289
)
(/Users/macpro/Library/Application Support/MiKTeX/texmfs/install/tex/generic/pg
f/basiclayer/pgfcoreimage.code.tex
File: pgfcoreimage.code.tex 2023-01-15 v3.1.10 (3.1.10)
)
(/Users/macpro/Library/Application Support/MiKTeX/texmfs/install/tex/generic/pg
f/basiclayer/pgfcoreexternal.code.tex
File: pgfcoreexternal.code.tex 2023-01-15 v3.1.10 (3.1.10)
\pgfexternal@startupbox=\box64
)
(/Users/macpro/Library/Application Support/MiKTeX/texmfs/install/tex/generic/pg
f/basiclayer/pgfcorelayers.code.tex
File: pgfcorelayers.code.tex 2023-01-15 v3.1.10 (3.1.10)
)
(/Users/macpro/Library/Application Support/MiKTeX/texmfs/install/tex/generic/pg
f/basiclayer/pgfcoretransparency.code.tex
File: pgfcoretransparency.code.tex 2023-01-15 v3.1.10 (3.1.10)
)
(/Users/macpro/Library/Application Support/MiKTeX/texmfs/install/tex/generic/pg
f/basiclayer/pgfcorepatterns.code.tex
File: pgfcorepatterns.code.tex 2023-01-15 v3.1.10 (3.1.10)
)
(/Users/macpro/Library/Application Support/MiKTeX/texmfs/install/tex/generic/pg
f/basiclayer/pgfcorerdf.code.tex
File: pgfcorerdf.code.tex 2023-01-15 v3.1.10 (3.1.10)
)))
(/Users/macpro/Library/Application Support/MiKTeX/texmfs/install/tex/generic/pg
f/modules/pgfmoduleshapes.code.tex
File: pgfmoduleshapes.code.tex 2023-01-15 v3.1.10 (3.1.10)
\pgfnodeparttextbox=\box65
)
(/Users/macpro/Library/Application Support/MiKTeX/texmfs/install/tex/generic/pg
f/modules/pgfmoduleplot.code.tex
File: pgfmoduleplot.code.tex 2023-01-15 v3.1.10 (3.1.10)
)
(/Users/macpro/Library/Application Support/MiKTeX/texmfs/install/tex/latex/pgf/
compatibility/pgfcomp-version-0-65.sty
Package: pgfcomp-version-0-65 2023-01-15 v3.1.10 (3.1.10)
\pgf@nodesepstart=\dimen197
\pgf@nodesepend=\dimen198
)
(/Users/macpro/Library/Application Support/MiKTeX/texmfs/install/tex/latex/pgf/
compatibility/pgfcomp-version-1-18.sty
Package: pgfcomp-version-1-18 2023-01-15 v3.1.10 (3.1.10)
))
(/Users/macpro/Library/Application Support/MiKTeX/texmfs/install/tex/latex/pgf/
utilities/pgffor.sty
(/Users/macpro/Library/Application Support/MiKTeX/texmfs/install/tex/latex/pgf/
utilities/pgfkeys.sty
(/Users/macpro/Library/Application Support/MiKTeX/texmfs/install/tex/generic/pg
f/utilities/pgfkeys.code.tex))
(/Users/macpro/Library/Application Support/MiKTeX/texmfs/install/tex/latex/pgf/
math/pgfmath.sty
(/Users/macpro/Library/Application Support/MiKTeX/texmfs/install/tex/generic/pg
f/math/pgfmath.code.tex))
(/Users/macpro/Library/Application Support/MiKTeX/texmfs/install/tex/generic/pg
f/utilities/pgffor.code.tex
Package: pgffor 2023-01-15 v3.1.10 (3.1.10)
\pgffor@iter=\dimen199
\pgffor@skip=\dimen256
\pgffor@stack=\toks33
\pgffor@toks=\toks34
))
(/Users/macpro/Library/Application Support/MiKTeX/texmfs/install/tex/generic/pg
f/frontendlayer/tikz/tikz.code.tex
Package: tikz 2023-01-15 v3.1.10 (3.1.10)

(/Users/macpro/Library/Application Support/MiKTeX/texmfs/install/tex/generic/pg
f/libraries/pgflibraryplothandlers.code.tex
File: pgflibraryplothandlers.code.tex 2023-01-15 v3.1.10 (3.1.10)
\pgf@plot@mark@count=\count290
\pgfplotmarksize=\dimen257
)
\tikz@lastx=\dimen258
\tikz@lasty=\dimen259
\tikz@lastxsaved=\dimen260
\tikz@lastysaved=\dimen261
\tikz@lastmovetox=\dimen262
\tikz@lastmovetoy=\dimen263
\tikzleveldistance=\dimen264
\tikzsiblingdistance=\dimen265
\tikz@figbox=\box66
\tikz@figbox@bg=\box67
\tikz@tempbox=\box68
\tikz@tempbox@bg=\box69
\tikztreelevel=\count291
\tikznumberofchildren=\count292
\tikznumberofcurrentchild=\count293
\tikz@fig@count=\count294

(/Users/macpro/Library/Application Support/MiKTeX/texmfs/install/tex/generic/pg
f/modules/pgfmodulematrix.code.tex
File: pgfmodulematrix.code.tex 2023-01-15 v3.1.10 (3.1.10)
\pgfmatrixcurrentrow=\count295
\pgfmatrixcurrentcolumn=\count296
\pgf@matrix@numberofcolumns=\count297
)
\tikz@expandcount=\count298

(/Users/macpro/Library/Application Support/MiKTeX/texmfs/install/tex/generic/pg
f/frontendlayer/tikz/libraries/tikzlibrarytopaths.code.tex
File: tikzlibrarytopaths.code.tex 2023-01-15 v3.1.10 (3.1.10)
)))
(/Users/macpro/Library/Application Support/MiKTeX/texmfs/install/tex/generic/pg
f/frontendlayer/tikz/libraries/tikzlibraryshapes.code.tex
File: tikzlibraryshapes.code.tex 2023-01-15 v3.1.10 (3.1.10)

(/Users/macpro/Library/Application Support/MiKTeX/texmfs/install/tex/generic/pg
f/frontendlayer/tikz/libraries/tikzlibraryshapes.geometric.code.tex
File: tikzlibraryshapes.geometric.code.tex 2023-01-15 v3.1.10 (3.1.10)

(/Users/macpro/Library/Application Support/MiKTeX/texmfs/install/tex/generic/pg
f/libraries/shapes/pgflibraryshapes.geometric.code.tex
File: pgflibraryshapes.geometric.code.tex 2023-01-15 v3.1.10 (3.1.10)
))
(/Users/macpro/Library/Application Support/MiKTeX/texmfs/install/tex/generic/pg
f/frontendlayer/tikz/libraries/tikzlibraryshapes.misc.code.tex
File: tikzlibraryshapes.misc.code.tex 2023-01-15 v3.1.10 (3.1.10)

(/Users/macpro/Library/Application Support/MiKTeX/texmfs/install/tex/generic/pg
f/libraries/shapes/pgflibraryshapes.misc.code.tex
File: pgflibraryshapes.misc.code.tex 2023-01-15 v3.1.10 (3.1.10)
))
(/Users/macpro/Library/Application Support/MiKTeX/texmfs/install/tex/generic/pg
f/frontendlayer/tikz/libraries/tikzlibraryshapes.symbols.code.tex
File: tikzlibraryshapes.symbols.code.tex 2023-01-15 v3.1.10 (3.1.10)

(/Users/macpro/Library/Application Support/MiKTeX/texmfs/install/tex/generic/pg
f/libraries/shapes/pgflibraryshapes.symbols.code.tex
File: pgflibraryshapes.symbols.code.tex 2023-01-15 v3.1.10 (3.1.10)
))
(/Users/macpro/Library/Application Support/MiKTeX/texmfs/install/tex/generic/pg
f/frontendlayer/tikz/libraries/tikzlibraryshapes.arrows.code.tex
File: tikzlibraryshapes.arrows.code.tex 2023-01-15 v3.1.10 (3.1.10)

(/Users/macpro/Library/Application Support/MiKTeX/texmfs/install/tex/generic/pg
f/libraries/shapes/pgflibraryshapes.arrows.code.tex
File: pgflibraryshapes.arrows.code.tex 2023-01-15 v3.1.10 (3.1.10)
))
(/Users/macpro/Library/Application Support/MiKTeX/texmfs/install/tex/generic/pg
f/frontendlayer/tikz/libraries/tikzlibraryshapes.callouts.code.tex
(/Users/macpro/Library/Application Support/MiKTeX/texmfs/install/tex/generic/pg
f/libraries/shapes/pgflibraryshapes.callouts.code.tex))
(/Users/macpro/Library/Application Support/MiKTeX/texmfs/install/tex/generic/pg
f/frontendlayer/tikz/libraries/tikzlibraryshapes.multipart.code.tex
File: tikzlibraryshapes.multipart.code.tex 2023-01-15 v3.1.10 (3.1.10)

(/Users/macpro/Library/Application Support/MiKTeX/texmfs/install/tex/generic/pg
f/libraries/shapes/pgflibraryshapes.multipart.code.tex
File: pgflibraryshapes.multipart.code.tex 2023-01-15 v3.1.10 (3.1.10)
\pgfnodepartlowerbox=\box70
\pgfnodeparttwobox=\box71
\pgfnodepartthreebox=\box72
\pgfnodepartfourbox=\box73
\pgfnodeparttwentybox=\box74
\pgfnodepartnineteenbox=\box75
\pgfnodeparteighteenbox=\box76
\pgfnodepartseventeenbox=\box77
\pgfnodepartsixteenbox=\box78
\pgfnodepartfifteenbox=\box79
\pgfnodepartfourteenbox=\box80
\pgfnodepartthirteenbox=\box81
\pgfnodeparttwelvebox=\box82
\pgfnodepartelevenbox=\box83
\pgfnodeparttenbox=\box84
\pgfnodepartninebox=\box85
\pgfnodeparteightbox=\box86
\pgfnodepartsevenbox=\box87
\pgfnodepartsixbox=\box88
\pgfnodepartfivebox=\box89
)))
(/Users/macpro/Library/Application Support/MiKTeX/texmfs/install/tex/generic/pg
f/frontendlayer/tikz/libraries/tikzlibrarybackgrounds.code.tex
File: tikzlibrarybackgrounds.code.tex 2023-01-15 v3.1.10 (3.1.10)
\pgf@layerbox@background=\box90
\pgf@layerboxsaved@background=\box91
)
(/Users/macpro/Library/Application Support/MiKTeX/texmfs/install/tex/generic/pg
f/frontendlayer/tikz/libraries/tikzlibrarymindmap.code.tex
File: tikzlibrarymindmap.code.tex 2023-01-15 v3.1.10 (3.1.10)

(/Users/macpro/Library/Application Support/MiKTeX/texmfs/install/tex/generic/pg
f/frontendlayer/tikz/libraries/tikzlibrarytrees.code.tex
File: tikzlibrarytrees.code.tex 2023-01-15 v3.1.10 (3.1.10)
)
(/Users/macpro/Library/Application Support/MiKTeX/texmfs/install/tex/generic/pg
f/frontendlayer/tikz/libraries/tikzlibrarydecorations.code.tex
(/Users/macpro/Library/Application Support/MiKTeX/texmfs/install/tex/generic/pg
f/modules/pgfmoduledecorations.code.tex
\pgfdecoratedcompleteddistance=\dimen266
\pgfdecoratedremainingdistance=\dimen267
\pgfdecoratedinputsegmentcompleteddistance=\dimen268
\pgfdecoratedinputsegmentremainingdistance=\dimen269
\pgf@decorate@distancetomove=\dimen270
\pgf@decorate@repeatstate=\count299
\pgfdecorationsegmentamplitude=\dimen271
\pgfdecorationsegmentlength=\dimen272
)
\tikz@lib@dec@box=\box92
))
(/Users/macpro/Library/Application Support/MiKTeX/texmfs/install/tex/latex/tran
sparent/transparent.sty
Package: transparent 2022-10-27 v1.5 Transparency with color stacks

(/Users/macpro/Library/Application Support/MiKTeX/texmfs/install/tex/latex/tran
sparent/transparent-nometadata.sty
Package: transparent-nometadata 2022-10-27 v1.5 Transparency via pdfTeX's color
 stack (HO)

(/Users/macpro/Library/Application Support/MiKTeX/texmfs/install/tex/latex/auxh
ook/auxhook.sty
Package: auxhook 2019-12-17 v1.6 Hooks for auxiliary files (HO)
)))
(/Users/macpro/Library/Application Support/MiKTeX/texmfs/install/tex/latex/hype
rref/hyperref.sty
Package: hyperref 2023-02-07 v7.00v Hypertext links for LaTeX

(/Users/macpro/Library/Application Support/MiKTeX/texmfs/install/tex/generic/lt
xcmds/ltxcmds.sty
Package: ltxcmds 2020-05-10 v1.25 LaTeX kernel commands for general use (HO)
)
(/Users/macpro/Library/Application Support/MiKTeX/texmfs/install/tex/generic/pd
ftexcmds/pdftexcmds.sty
Package: pdftexcmds 2020-06-27 v0.33 Utility functions of pdfTeX for LuaTeX (HO
)

(/Users/macpro/Library/Application Support/MiKTeX/texmfs/install/tex/generic/in
fwarerr/infwarerr.sty
Package: infwarerr 2019/12/03 v1.5 Providing info/warning/error messages (HO)
)
Package pdftexcmds Info: \pdf@primitive is available.
Package pdftexcmds Info: \pdf@ifprimitive is available.
Package pdftexcmds Info: \pdfdraftmode found.
)
(/Users/macpro/Library/Application Support/MiKTeX/texmfs/install/tex/latex/kvse
tkeys/kvsetkeys.sty
Package: kvsetkeys 2022-10-05 v1.19 Key value parser (HO)
)
(/Users/macpro/Library/Application Support/MiKTeX/texmfs/install/tex/generic/kv
definekeys/kvdefinekeys.sty
Package: kvdefinekeys 2019-12-19 v1.6 Define keys (HO)
)
(/Users/macpro/Library/Application Support/MiKTeX/texmfs/install/tex/generic/pd
fescape/pdfescape.sty
Package: pdfescape 2019/12/09 v1.15 Implements pdfTeX's escape features (HO)
)
(/Users/macpro/Library/Application Support/MiKTeX/texmfs/install/tex/latex/hyco
lor/hycolor.sty
Package: hycolor 2020-01-27 v1.10 Color options for hyperref/bookmark (HO)
)
(/Users/macpro/Library/Application Support/MiKTeX/texmfs/install/tex/latex/letl
txmacro/letltxmacro.sty
Package: letltxmacro 2019/12/03 v1.6 Let assignment for LaTeX macros (HO)
)
(/Users/macpro/Library/Application Support/MiKTeX/texmfs/install/tex/latex/hype
rref/nameref.sty
Package: nameref 2022-05-17 v2.50 Cross-referencing by name of section

(/Users/macpro/Library/Application Support/MiKTeX/texmfs/install/tex/latex/refc
ount/refcount.sty
Package: refcount 2019/12/15 v3.6 Data extraction from label references (HO)
)
(/Users/macpro/Library/Application Support/MiKTeX/texmfs/install/tex/generic/ge
ttitlestring/gettitlestring.sty
Package: gettitlestring 2019/12/15 v1.6 Cleanup title references (HO)

(/Users/macpro/Library/Application Support/MiKTeX/texmfs/install/tex/latex/kvop
tions/kvoptions.sty
Package: kvoptions 2022-06-15 v3.15 Key value format for package options (HO)
))
\c@section@level=\count300
)
\@linkdim=\dimen273
\Hy@linkcounter=\count301
\Hy@pagecounter=\count302

(/Users/macpro/Library/Application Support/MiKTeX/texmfs/install/tex/latex/hype
rref/pd1enc.def
File: pd1enc.def 2023-02-07 v7.00v Hyperref: PDFDocEncoding definition (HO)
Now handling font encoding PD1 ...
... no UTF-8 mapping file for font encoding PD1
)
(/Users/macpro/Library/Application Support/MiKTeX/texmfs/install/tex/generic/in
tcalc/intcalc.sty
Package: intcalc 2019/12/15 v1.3 Expandable calculations with integers (HO)
)
(/Users/macpro/Library/Application Support/MiKTeX/texmfs/install/tex/generic/et
excmds/etexcmds.sty
Package: etexcmds 2019/12/15 v1.7 Avoid name clashes with e-TeX commands (HO)
)
\Hy@SavedSpaceFactor=\count303

(/Users/macpro/Library/Application Support/MiKTeX/texmfs/install/tex/latex/hype
rref/puenc.def
File: puenc.def 2023-02-07 v7.00v Hyperref: PDF Unicode definition (HO)
Now handling font encoding PU ...
... no UTF-8 mapping file for font encoding PU
)
Package hyperref Info: Hyper figures OFF on input line 4177.
Package hyperref Info: Link nesting OFF on input line 4182.
Package hyperref Info: Hyper index ON on input line 4185.
Package hyperref Info: Plain pages OFF on input line 4192.
Package hyperref Info: Backreferencing OFF on input line 4197.
Package hyperref Info: Implicit mode ON; LaTeX internals redefined.
Package hyperref Info: Bookmarks ON on input line 4425.
\c@Hy@tempcnt=\count304

(/Users/macpro/Library/Application Support/MiKTeX/texmfs/install/tex/latex/url/
url.sty
\Urlmuskip=\muskip16
Package: url 2013/09/16  ver 3.4  Verb mode for urls, etc.
)
LaTeX Info: Redefining \url on input line 4763.
\XeTeXLinkMargin=\dimen274

(/Users/macpro/Library/Application Support/MiKTeX/texmfs/install/tex/generic/bi
tset/bitset.sty
Package: bitset 2019/12/09 v1.3 Handle bit-vector datatype (HO)

(/Users/macpro/Library/Application Support/MiKTeX/texmfs/install/tex/generic/bi
gintcalc/bigintcalc.sty
Package: bigintcalc 2019/12/15 v1.5 Expandable calculations on big integers (HO
)
))
\Fld@menulength=\count305
\Field@Width=\dimen275
\Fld@charsize=\dimen276
Package hyperref Info: Hyper figures OFF on input line 6042.
Package hyperref Info: Link nesting OFF on input line 6047.
Package hyperref Info: Hyper index ON on input line 6050.
Package hyperref Info: backreferencing OFF on input line 6057.
Package hyperref Info: Link coloring OFF on input line 6062.
Package hyperref Info: Link coloring with OCG OFF on input line 6067.
Package hyperref Info: PDF/A mode OFF on input line 6072.

(/Users/macpro/Library/Application Support/MiKTeX/texmfs/install/tex/latex/base
/atbegshi-ltx.sty
Package: atbegshi-ltx 2021/01/10 v1.0c Emulation of the original atbegshi
package with kernel methods
)
\Hy@abspage=\count306
\c@Item=\count307
\c@Hfootnote=\count308
)
Package hyperref Info: Driver (autodetected): hpdftex.

(/Users/macpro/Library/Application Support/MiKTeX/texmfs/install/tex/latex/hype
rref/hpdftex.def
File: hpdftex.def 2023-02-07 v7.00v Hyperref driver for pdfTeX

(/Users/macpro/Library/Application Support/MiKTeX/texmfs/install/tex/latex/base
/atveryend-ltx.sty
Package: atveryend-ltx 2020/08/19 v1.0a Emulation of the original atveryend pac
kage
with kernel methods
)
\Fld@listcount=\count309
\c@bookmark@seq@number=\count310

(/Users/macpro/Library/Application Support/MiKTeX/texmfs/install/tex/latex/reru
nfilecheck/rerunfilecheck.sty
Package: rerunfilecheck 2022-07-10 v1.10 Rerun checks for auxiliary files (HO)

(/Users/macpro/Library/Application Support/MiKTeX/texmfs/install/tex/generic/un
iquecounter/uniquecounter.sty
Package: uniquecounter 2019/12/15 v1.4 Provide unlimited unique counter (HO)
)
Package uniquecounter Info: New unique counter `rerunfilecheck' on input line 2
85.
)
\Hy@SectionHShift=\skip66
)
(/Users/macpro/Library/Application Support/MiKTeX/texmfs/install/tex/latex/l3ba
ckend/l3backend-pdftex.def
File: l3backend-pdftex.def 2023-03-30 L3 backend support: PDF output (pdfTeX)
\l__color_backend_stack_int=\count311
\l__pdf_internal_box=\box93
)

LaTeX Warning: Unused global option(s):
    [A4].

(main.aux)
\openout1 = `main.aux'.

LaTeX Font Info:    Checking defaults for OML/cmm/m/it on input line 381.
LaTeX Font Info:    ... okay on input line 381.
LaTeX Font Info:    Checking defaults for OMS/cmsy/m/n on input line 381.
LaTeX Font Info:    ... okay on input line 381.
LaTeX Font Info:    Checking defaults for OT1/cmr/m/n on input line 381.
LaTeX Font Info:    ... okay on input line 381.
LaTeX Font Info:    Checking defaults for T1/cmr/m/n on input line 381.
LaTeX Font Info:    ... okay on input line 381.
LaTeX Font Info:    Checking defaults for TS1/cmr/m/n on input line 381.
LaTeX Font Info:    ... okay on input line 381.
LaTeX Font Info:    Checking defaults for OMX/cmex/m/n on input line 381.
LaTeX Font Info:    ... okay on input line 381.
LaTeX Font Info:    Checking defaults for U/cmr/m/n on input line 381.
LaTeX Font Info:    ... okay on input line 381.
LaTeX Font Info:    Checking defaults for LY1/ptm/m/n on input line 381.
LaTeX Font Info:    Trying to load font information for LY1+ptm on input line 3
81.

(/Users/macpro/Library/Application Support/MiKTeX/texmfs/install/tex/latex/ly1/
ly1ptm.fd
File: ly1ptm.fd 2001/02/01 font definitions for LY1/ptm using Berry names.
)
LaTeX Font Info:    ... okay on input line 381.
LaTeX Font Info:    Checking defaults for PD1/pdf/m/n on input line 381.
LaTeX Font Info:    ... okay on input line 381.
LaTeX Font Info:    Checking defaults for PU/pdf/m/n on input line 381.
LaTeX Font Info:    ... okay on input line 381.

*geometry* driver: auto-detecting
*geometry* detected driver: pdftex
*geometry* verbose mode - [ preamble ] result:
* driver: pdftex
* paper: a4paper
* layout: <same size as paper>
* layoutoffset:(h,v)=(0.0pt,0.0pt)
* modes: 
* h-part:(L,W,R)=(28.45274pt, 540.60239pt, 28.45274pt)
* v-part:(T,H,B)=(28.45274pt, 788.14136pt, 28.45274pt)
* \paperwidth=597.50787pt
* \paperheight=845.04684pt
* \textwidth=540.60239pt
* \textheight=788.14136pt
* \oddsidemargin=-43.81725pt
* \evensidemargin=-43.81725pt
* \topmargin=-80.81725pt
* \headheight=12.0pt
* \headsep=25.0pt
* \topskip=10.0pt
* \footskip=30.0pt
* \marginparwidth=65.0pt
* \marginparsep=11.0pt
* \columnsep=10.0pt
* \skip\footins=9.0pt plus 4.0pt minus 2.0pt
* \hoffset=0.0pt
* \voffset=0.0pt
* \mag=1000
* \@twocolumnfalse
* \@twosidefalse
* \@mparswitchfalse
* \@reversemarginfalse
* (1in=72.27pt=25.4mm, 1cm=28.453pt)


(/Users/macpro/Library/Application Support/MiKTeX/texmfs/install/tex/context/ba
se/mkii/supp-pdf.mkii
[Loading MPS to PDF converter (version 2006.09.02).]
\scratchcounter=\count312
\scratchdimen=\dimen277
\scratchbox=\box94
\nofMPsegments=\count313
\nofMParguments=\count314
\everyMPshowfont=\toks35
\MPscratchCnt=\count315
\MPscratchDim=\dimen278
\MPnumerator=\count316
\makeMPintoPDFobject=\count317
\everyMPtoPDFconversion=\toks36
)
(/Users/macpro/Library/Application Support/MiKTeX/texmfs/install/tex/latex/epst
opdf-pkg/epstopdf-base.sty
Package: epstopdf-base 2020-01-24 v2.11 Base part for package epstopdf
Package epstopdf-base Info: Redefining graphics rule for `.eps' on input line 4
85.

(/Users/macpro/Library/Application Support/MiKTeX/texmfs/install/tex/latex/00mi
ktex/epstopdf-sys.cfg
File: epstopdf-sys.cfg 2021/03/18 v2.0 Configuration of epstopdf for MiKTeX
))
Package hyperref Info: Link coloring OFF on input line 381.
 (main.out) (main.out)
\@outlinefile=\write4
\openout4 = `main.out'.

<evans.png, id=6, 24.99905pt x 32.21469pt>
File: evans.png Graphic file (type png)
<use evans.png>
Package pdftex.def Info: evans.png  used on input line 391.
(pdftex.def)             Requested size: 160.76547pt x 207.28906pt.
LaTeX Font Info:    External font `cmex10' loaded for size
(Font)              <7> on input line 396.
LaTeX Font Info:    External font `cmex10' loaded for size
(Font)              <5> on input line 396.
LaTeX Font Info:    Font shape `T1/Raleway-TLF/b/n' will be
(Font)              scaled to size 10.0pt on input line 396.
LaTeX Font Info:    Font shape `T1/Raleway-TLF/b/n' will be
(Font)              scaled to size 17.28pt on input line 396.

Underfull \hbox (badness 10000) in paragraph at lines 396--396

 []


Overfull \hbox (8.784pt too wide) in alignment at lines 396--396
[] 
 []


Overfull \hbox (5.17584pt too wide) in alignment at lines 400--400
[][] 
 []


Underfull \hbox (badness 10000) in paragraph at lines 400--401

 []


Overfull \hbox (1.02585pt too wide) in alignment at lines 402--402
[][] 
 []


Underfull \hbox (badness 10000) in paragraph at lines 402--403

 []


Overfull \hbox (1.17584pt too wide) in alignment at lines 404--404
[][] 
 []


Underfull \hbox (badness 10000) in paragraph at lines 404--405

 []


Overfull \hbox (5.32584pt too wide) in alignment at lines 406--406
[][] 
 []


Underfull \hbox (badness 10000) in paragraph at lines 406--407

 []


Overfull \hbox (1.14584pt too wide) in alignment at lines 408--408
[][] 
 []


Underfull \hbox (badness 10000) in paragraph at lines 408--409

 []


Overfull \hbox (1.14584pt too wide) in alignment at lines 410--410
[][] 
 []


Underfull \hbox (badness 10000) in paragraph at lines 410--411

 []


Overfull \hbox (15.30583pt too wide) in alignment at lines 412--412
[][] 
 []


Underfull \hbox (badness 10000) in paragraph at lines 412--413

 []


Underfull \hbox (badness 10000) in paragraph at lines 427--427

 []


Overfull \hbox (8.784pt too wide) in alignment at lines 427--427
[] 
 []

LaTeX Font Info:    Trying to load font information for U+fontawesometwo on inp
ut line 429.

(/Users/macpro/Library/Application Support/MiKTeX/texmfs/install/tex/latex/font
awesome/ufontawesometwo.fd
File: ufontawesometwo.fd 2016/05/22 Font definitions for U/fontawesometwo.
)
LaTeX Font Info:    Trying to load font information for U+fontawesomethree on i
nput line 434.

(/Users/macpro/Library/Application Support/MiKTeX/texmfs/install/tex/latex/font
awesome/ufontawesomethree.fd
File: ufontawesomethree.fd 2016/05/22 Font definitions for U/fontawesomethree.
)
Overfull \hbox (0.42244pt too wide) in paragraph at lines 429--435
[]$[]$   $[]$ 
 []


Overfull \hbox (0.42244pt too wide) in paragraph at lines 429--435
[]$   $[]$ 
 []

LaTeX Font Info:    Trying to load font information for U+fontawesomeone on inp
ut line 436.

(/Users/macpro/Library/Application Support/MiKTeX/texmfs/install/tex/latex/font
awesome/ufontawesomeone.fd
File: ufontawesomeone.fd 2016/05/22 Font definitions for U/fontawesomeone.
)
Underfull \hbox (badness 10000) in paragraph at lines 477--477

 []


Overfull \hbox (8.784pt too wide) in alignment at lines 477--477
[] 
 []


Overfull \hbox (8.784pt too wide) in alignment at lines 483--483
[] 
 []


Underfull \hbox (badness 10000) in paragraph at lines 483--483
[]\T1/Raleway-TLF/b/n/10 The complete iOS 16
 []


Overfull \hbox (8.784pt too wide) in alignment at lines 483--483
[] 
 []


Overfull \hbox (8.784pt too wide) in alignment at lines 483--483
[] 
 []


Underfull \hbox (badness 10000) in paragraph at lines 483--483

 []


Overfull \hbox (8.784pt too wide) in alignment at lines 483--483
[] 
 []


Underfull \hbox (badness 10000) in paragraph at lines 483--484

 []


Overfull \hbox (8.784pt too wide) in alignment at lines 490--490
[] 
 []


Underfull \hbox (badness 10000) in paragraph at lines 490--490
[]\T1/Raleway-TLF/b/n/10 Python & Django - The
 []


Overfull \hbox (8.784pt too wide) in alignment at lines 490--490
[] 
 []


Overfull \hbox (8.784pt too wide) in alignment at lines 490--490
[] 
 []


Underfull \hbox (badness 10000) in paragraph at lines 490--490

 []


Overfull \hbox (8.784pt too wide) in alignment at lines 490--490
[] 
 []


Underfull \hbox (badness 10000) in paragraph at lines 490--491

 []


Overfull \hbox (8.784pt too wide) in alignment at lines 497--497
[] 
 []


Underfull \hbox (badness 10000) in paragraph at lines 497--497
[]\T1/Raleway-TLF/b/n/10 The complete Flutter
 []


Underfull \hbox (badness 10000) in paragraph at lines 497--497
\T1/Raleway-TLF/b/n/10 Development Bootcamp
 []


Overfull \hbox (8.784pt too wide) in alignment at lines 497--497
[] 
 []


Overfull \hbox (8.784pt too wide) in alignment at lines 497--497
[] 
 []


Underfull \hbox (badness 10000) in paragraph at lines 497--497

 []


Underfull \hbox (badness 2644) in paragraph at lines 497--497
[]\T1/Raleway-TLF/m/n/10 Gained the necessary juniour
 []


Overfull \hbox (8.784pt too wide) in alignment at lines 497--497
[] 
 []


Underfull \hbox (badness 10000) in paragraph at lines 497--498

 []

<linkedin.jpg, id=12, 1003.75pt x 1003.75pt>
File: linkedin.jpg Graphic file (type jpg)
<use linkedin.jpg>
Package pdftex.def Info: linkedin.jpg  used on input line 500.
(pdftex.def)             Requested size: 106.53534pt x 106.52258pt.

Underfull \hbox (badness 10000) in paragraph at lines 503--503

 []


Overfull \hbox (8.784pt too wide) in alignment at lines 503--503
[] 
 []


Overfull \hbox (8.784pt too wide) in alignment at lines 509--509
[] 
 []


Overfull \hbox (0.79999pt too wide) in paragraph at lines 503--509
[][]    []
 []


Underfull \hbox (badness 10000) in paragraph at lines 509--509
[]\T1/Raleway-TLF/b/n/10 B. Arts Mathematic &
 []


Overfull \hbox (8.784pt too wide) in alignment at lines 509--509
[] 
 []


Overfull \hbox (8.784pt too wide) in alignment at lines 509--509
[] 
 []


Underfull \hbox (badness 10000) in paragraph at lines 509--509

 []


Underfull \hbox (badness 10000) in paragraph at lines 509--509
[]\T1/Raleway-TLF/m/n/10 Equiped with the necessary
 []


Underfull \hbox (badness 10000) in paragraph at lines 509--509
\T1/Raleway-TLF/m/n/10 applied science in order to
 []


Overfull \hbox (8.784pt too wide) in alignment at lines 509--509
[] 
 []


Underfull \hbox (badness 10000) in paragraph at lines 509--510

 []


Overfull \hbox (8.784pt too wide) in alignment at lines 515--515
[] 
 []


Overfull \hbox (8.784pt too wide) in alignment at lines 515--515
[] 
 []


Overfull \hbox (8.784pt too wide) in alignment at lines 515--515
[] 
 []


Underfull \hbox (badness 10000) in paragraph at lines 515--515

 []


Overfull \hbox (8.784pt too wide) in alignment at lines 515--515
[] 
 []


Underfull \hbox (badness 10000) in paragraph at lines 515--516

 []


Underfull \hbox (badness 10000) in paragraph at lines 521--521

 []


Overfull \hbox (8.784pt too wide) in alignment at lines 521--521
[] 
 []


Overfull \hbox (8.784pt too wide) in alignment at lines 528--528
[] 
 []


Overfull \hbox (8.784pt too wide) in alignment at lines 528--528
[] 
 []


Underfull \hbox (badness 10000) in paragraph at lines 528--528

 []


Overfull \hbox (8.784pt too wide) in alignment at lines 528--528
[] 
 []


Underfull \hbox (badness 10000) in paragraph at lines 528--529

 []


Overfull \hbox (8.784pt too wide) in alignment at lines 535--535
[] 
 []


Overfull \hbox (8.784pt too wide) in alignment at lines 535--535
[] 
 []


Underfull \hbox (badness 10000) in paragraph at lines 535--535

 []


Overfull \hbox (8.784pt too wide) in alignment at lines 535--535
[] 
 []


Underfull \hbox (badness 10000) in paragraph at lines 535--536

 []


Overfull \hbox (8.784pt too wide) in alignment at lines 543--543
[] 
 []


Overfull \hbox (8.784pt too wide) in alignment at lines 543--543
[] 
 []


Underfull \hbox (badness 10000) in paragraph at lines 543--543

 []


Overfull \hbox (8.784pt too wide) in alignment at lines 543--543
[] 
 []


Underfull \hbox (badness 10000) in paragraph at lines 543--544

 []

<github.png, id=13, 1152.305pt x 1152.305pt>
File: github.png Graphic file (type png)
<use github.png>
Package pdftex.def Info: github.png  used on input line 552.
(pdftex.def)             Requested size: 106.53534pt x 106.53378pt.
LaTeX Font Info:    Font shape `T1/Raleway-TLF/m/n' will be
(Font)              scaled to size 29.86pt on input line 572.
LaTeX Font Info:    Font shape `T1/Raleway-TLF/b/n' will be
(Font)              scaled to size 29.86pt on input line 572.
LaTeX Font Info:    Font shape `T1/Raleway-TLF/m/n' will be
(Font)              scaled to size 12.0pt on input line 572.

Overfull \hbox (0.79999pt too wide) in paragraph at lines 572--574
[][] [][] 
 []


Underfull \hbox (badness 10000) in paragraph at lines 579--579

 []


Overfull \hbox (4.84172pt too wide) in alignment at lines 579--579
[] 
 []


Underfull \hbox (badness 10000) in paragraph at lines 590--590

 []


Underfull \hbox (badness 2503) in paragraph at lines 590--590
[]\T1/Raleway-TLF/m/n/10 In Django, I have expertise in Django's Model-View-Tem
plate (MVT)
 []


Underfull \hbox (badness 2573) in paragraph at lines 590--590
\T1/Raleway-TLF/m/n/10 architecture, Django's ORM for efficient database manage
ment, and
 []


Underfull \hbox (badness 2181) in paragraph at lines 590--590
\T1/Raleway-TLF/m/n/10 Firestore, Realtime Database, Cloud Messaging, and Cloud
 Storage,
 []


Underfull \hbox (badness 1502) in paragraph at lines 590--590
\T1/Raleway-TLF/m/n/10 and integrating Maps SDKs, such as Google Maps and Mapbo
x, for
 []


Underfull \hbox (badness 1383) in paragraph at lines 590--590
\T1/Raleway-TLF/m/n/10 implementing maps and location-based services. I am also
 familiar
 []


Overfull \hbox (4.84172pt too wide) in alignment at lines 590--590
[] 
 []


Underfull \hbox (badness 10000) in paragraph at lines 596--596

 []


Overfull \hbox (4.84172pt too wide) in alignment at lines 596--596
[] 
 []


Overfull \hbox (38.07649pt too wide) in alignment at lines 617--617
[][] 
 []


Underfull \hbox (badness 10000) in paragraph at lines 617--617

 []


Overfull \hbox (4.96175pt too wide) in alignment at lines 617--617
[] 
 []


Overfull \hbox (3.10999pt too wide) in paragraph at lines 617--617
[]\U/fontawesometwo/m/n/10 ^^bd  [] 
 []


Underfull \hbox (badness 10000) in paragraph at lines 617--617

 []


Overfull \hbox (7.01418pt too wide) in paragraph at lines 617--617
\T1/Raleway-TLF/m/n/10 state management architecture that is Provider. These pa
tterns help us efficiently
 []


Underfull \hbox (badness 10000) in paragraph at lines 617--617

 []


Underfull \hbox (badness 10000) in paragraph at lines 617--617

 []


Overfull \hbox (4.84172pt too wide) in alignment at lines 617--617
[] 
 []


Underfull \hbox (badness 10000) in paragraph at lines 617--617

 []

[1

{/Users/macpro/Library/Application Support/MiKTeX/texmfs/data/fonts/map/pdftex/
pdftex.map} <./evans.png>]
LaTeX Font Info:    Trying to load font information for TS1+Raleway-TLF on inpu
t line 617.

(/Users/macpro/Library/Application Support/MiKTeX/texmfs/install/tex/latex/rale
way/TS1Raleway-TLF.fd
File: TS1Raleway-TLF.fd 2014/07/28 (autoinst) Font definitions for TS1/Raleway-
TLF.
)
LaTeX Font Info:    Font shape `TS1/Raleway-TLF/m/n' will be
(Font)              scaled to size 10.0pt on input line 617.

Overfull \hbox (4.84172pt too wide) in alignment at lines 617--617
[] 
 []


Overfull \hbox (38.07649pt too wide) in alignment at lines 636--636
[][] 
 []


Underfull \hbox (badness 10000) in paragraph at lines 636--636

 []


Overfull \hbox (4.96175pt too wide) in alignment at lines 636--636
[] 
 []


Overfull \hbox (3.10999pt too wide) in paragraph at lines 636--636
[]\U/fontawesometwo/m/n/10 ^^bd  [] 
 []


Underfull \hbox (badness 10000) in paragraph at lines 636--636

 []


Overfull \hbox (4.84172pt too wide) in alignment at lines 636--636
[] 
 []


Underfull \hbox (badness 10000) in paragraph at lines 636--636

 []


Overfull \hbox (38.07649pt too wide) in alignment at lines 662--662
[][] 
 []


Underfull \hbox (badness 10000) in paragraph at lines 662--662

 []


Overfull \hbox (4.96175pt too wide) in alignment at lines 662--662
[] 
 []


Overfull \hbox (3.10999pt too wide) in paragraph at lines 662--662
[]\U/fontawesometwo/m/n/10 ^^bd  [] 
 []


Underfull \hbox (badness 10000) in paragraph at lines 662--662

 []


Overfull \hbox (4.84172pt too wide) in alignment at lines 662--662
[] 
 []


Underfull \hbox (badness 10000) in paragraph at lines 662--662

 []


Overfull \hbox (38.07649pt too wide) in alignment at lines 684--684
[][] 
 []


Underfull \hbox (badness 10000) in paragraph at lines 684--684

 []


Overfull \hbox (4.96175pt too wide) in alignment at lines 684--684
[] 
 []


Overfull \hbox (3.10999pt too wide) in paragraph at lines 684--684
[]\U/fontawesometwo/m/n/10 ^^bd  [] 
 []


Underfull \hbox (badness 10000) in paragraph at lines 684--684

 []


Overfull \hbox (1.09424pt too wide) in paragraph at lines 684--684
\T1/Raleway-TLF/m/n/10 from a Django backend and saved for offline usage in flu
tter_hive. When making
 []

[2 <./linkedin.jpg>]
Overfull \hbox (4.84172pt too wide) in alignment at lines 684--684
[] 
 []


Underfull \hbox (badness 10000) in paragraph at lines 684--684

 []


Overfull \hbox (38.07649pt too wide) in alignment at lines 710--710
[][] 
 []


Underfull \hbox (badness 10000) in paragraph at lines 710--710

 []


Overfull \hbox (4.96175pt too wide) in alignment at lines 710--710
[] 
 []


Overfull \hbox (3.10999pt too wide) in paragraph at lines 710--710
[]\U/fontawesometwo/m/n/10 ^^bd  [] 
 []


Underfull \hbox (badness 10000) in paragraph at lines 710--710

 []


Overfull \hbox (0.5841pt too wide) in paragraph at lines 710--710
[]\T1/Raleway-TLF/m/n/10 Footballdl is a android/ios app for football fans. It 
incorporates real time football
 []


Overfull \hbox (4.84172pt too wide) in alignment at lines 710--710
[] 
 []


Underfull \hbox (badness 10000) in paragraph at lines 710--710

 []


Overfull \hbox (4.84172pt too wide) in alignment at lines 710--710
[] 
 []


Overfull \hbox (38.07649pt too wide) in alignment at lines 730--730
[][] 
 []


Underfull \hbox (badness 10000) in paragraph at lines 730--730

 []


Overfull \hbox (4.96175pt too wide) in alignment at lines 730--730
[] 
 []


Overfull \hbox (3.10999pt too wide) in paragraph at lines 730--730
[]\U/fontawesometwo/m/n/10 ^^bd  [] 
 []


Underfull \hbox (badness 10000) in paragraph at lines 730--730

 []


Overfull \hbox (4.84172pt too wide) in alignment at lines 730--730
[] 
 []


Underfull \hbox (badness 10000) in paragraph at lines 730--730

 []

[3 <./github.png>]
Overfull \hbox (38.07649pt too wide) in alignment at lines 751--751
[][] 
 []


Underfull \hbox (badness 10000) in paragraph at lines 751--751

 []


Overfull \hbox (4.96175pt too wide) in alignment at lines 751--751
[] 
 []


Overfull \hbox (3.10999pt too wide) in paragraph at lines 751--751
[]\U/fontawesometwo/m/n/10 ^^bd  [] 
 []


Underfull \hbox (badness 10000) in paragraph at lines 751--751

 []


Overfull \hbox (4.84172pt too wide) in alignment at lines 751--751
[] 
 []


Underfull \hbox (badness 10000) in paragraph at lines 751--751

 []


Underfull \hbox (badness 10000) in paragraph at lines 754--754

 []


Overfull \hbox (4.84172pt too wide) in alignment at lines 754--754
[] 
 []


Overfull \hbox (4.84172pt too wide) in alignment at lines 759--759
[] 
 []


Overfull \hbox (0.79999pt too wide) in paragraph at lines 754--759
[][]    []
 []


Overfull \hbox (4.84172pt too wide) in alignment at lines 759--759
[] 
 []


Overfull \hbox (4.84172pt too wide) in alignment at lines 759--759
[] 
 []


Overfull \hbox (4.84172pt too wide) in alignment at lines 764--764
[] 
 []


Overfull \hbox (4.84172pt too wide) in alignment at lines 764--764
[] 
 []


Overfull \hbox (4.84172pt too wide) in alignment at lines 764--764
[] 
 []


Overfull \hbox (4.84172pt too wide) in alignment at lines 769--769
[] 
 []


Overfull \hbox (4.84172pt too wide) in alignment at lines 769--769
[] 
 []


Overfull \hbox (4.84172pt too wide) in alignment at lines 769--769
[] 
 []


Underfull \hbox (badness 10000) in paragraph at lines 769--770

 []


Overfull \hbox (4.84172pt too wide) in alignment at lines 775--775
[] 
 []


Overfull \hbox (4.84172pt too wide) in alignment at lines 775--775
[] 
 []


Overfull \hbox (4.84172pt too wide) in alignment at lines 775--775
[] 
 []


Underfull \hbox (badness 10000) in paragraph at lines 775--776

 []

[4] (main.aux)
Package rerunfilecheck Info: File `main.out' has not changed.
(rerunfilecheck)             Checksum: D41D8CD98F00B204E9800998ECF8427E;0.
 ) 
Here is how much of TeX's memory you used:
 25603 strings out of 478265
 515079 string characters out of 5837307
 1898666 words of memory out of 5000000
 45336 multiletter control sequences out of 15000+600000
 595841 words of font info for 49 fonts, out of 8000000 for 9000
 0 hyphenation exceptions out of 8191
 84i,12n,89p,509b,742s stack positions out of 10000i,1000n,20000p,200000b,200000s
{/Users/macpro/Library/Application Support/MiKTeX/texmfs/install/fonts/enc/dv
ips/raleway/a_2bcjq6.enc}{/Users/macpro/Library/Application Support/MiKTeX/texm
fs/install/fonts/enc/dvips/fontawesome/fontawesomeone.enc}{/Users/macpro/Librar
y/Application Support/MiKTeX/texmfs/install/fonts/enc/dvips/fontawesome/fontawe
somethree.enc}{/Users/macpro/Library/Application Support/MiKTeX/texmfs/install/
fonts/enc/dvips/fontawesome/fontawesometwo.enc}{/Users/macpro/Library/Applicati
on Support/MiKTeX/texmfs/install/fonts/enc/dvips/raleway/a_bzmckq.enc}</Users/m
acpro/Library/Application Support/MiKTeX/texmfs/install/fonts/type1/public/font
awesome/FontAwesome.pfb></Users/macpro/Library/Application Support/MiKTeX/texmf
s/install/fonts/type1/impallari/raleway/Raleway-Bold.pfb></Users/macpro/Library
/Application Support/MiKTeX/texmfs/install/fonts/type1/impallari/raleway/Ralewa
y-Regular.pfb>
Output written on main.pdf (4 pages, 563633 bytes).
PDF statistics:
 68 PDF objects out of 1000 (max. 8388607)
 5 named destinations out of 1000 (max. 500000)
 28 words of extra memory for PDF output out of 10000 (max. 10000000)

